<?xml version="1.0" encoding="UTF-8"?>
<testng-results skipped="0" failed="0" total="2" passed="2">
  <reporter-output>
  </reporter-output>
  <suite name="KandyTests" duration-ms="19114" started-at="2015-06-09T11:28:06Z" finished-at="2015-06-09T11:28:25Z">
    <groups>
      <group name="functest">
        <method signature="NewTest.testUILink1()[pri:0, instance:RegistrationTest.NewTest@153acfe]" name="testUILink1" class="RegistrationTest.NewTest"/>
        <method signature="NewTest.testUINote1()[pri:0, instance:RegistrationTest.NewTest@153acfe]" name="testUINote1" class="RegistrationTest.NewTest"/>
      </group> <!-- functest -->
    </groups>
    <test name="Registration" duration-ms="19114" started-at="2015-06-09T11:28:06Z" finished-at="2015-06-09T11:28:25Z">
      <class name="RegistrationTest.NewTest">
        <test-method status="PASS" signature="setUpTest()[pri:0, instance:RegistrationTest.NewTest@153acfe]" name="setUpTest" is-config="true" duration-ms="8391" started-at="2015-06-09T14:28:06Z" finished-at="2015-06-09T14:28:14Z">
          <reporter-output>
          </reporter-output>
        </test-method> <!-- setUpTest -->
        <test-method status="PASS" signature="testUILink1()[pri:0, instance:RegistrationTest.NewTest@153acfe]" name="testUILink1" duration-ms="5622" started-at="2015-06-09T14:28:14Z" finished-at="2015-06-09T14:28:20Z">
          <reporter-output>
          </reporter-output>
        </test-method> <!-- testUILink1 -->
        <test-method status="PASS" signature="testUINote1()[pri:0, instance:RegistrationTest.NewTest@153acfe]" name="testUINote1" duration-ms="1480" started-at="2015-06-09T14:28:20Z" finished-at="2015-06-09T14:28:21Z">
          <reporter-output>
          </reporter-output>
        </test-method> <!-- testUINote1 -->
        <test-method status="PASS" signature="shutDown()[pri:0, instance:RegistrationTest.NewTest@153acfe]" name="shutDown" is-config="true" duration-ms="3526" started-at="2015-06-09T14:28:21Z" finished-at="2015-06-09T14:28:25Z">
          <reporter-output>
          </reporter-output>
        </test-method> <!-- shutDown -->
      </class> <!-- RegistrationTest.NewTest -->
    </test> <!-- Registration -->
  </suite> <!-- KandyTests -->
</testng-results>
