<?xml version="1.0" encoding="UTF-8"?>
<!-- Generated by org.testng.reporters.JUnitXMLReporter -->
<testsuite hostname="LWO1-DHP-F09815" name="Reeee" tests="1" failures="1" timestamp="26 May 2015 07:49:31 GMT" time="15.287" errors="0">
  <testcase name="testUINote1" time="8.198" classname="RegistrationTest.NewTest">
    <failure type="java.lang.AssertionError" message="Something wrong in text expected [Use your mobile phone number to register this devi ce] but found [Use your mobile phone number to register this device]">
      <![CDATA[java.lang.AssertionError: Something wrong in text expected [Use your mobile phone number to register this devi ce] but found [Use your mobile phone number to register this device]
	at RegistrationTest.NewTest.testUINote1(NewTest.java:25)
... Removed 28 stack frames]]>
    </failure>
  </testcase> <!-- testUINote1 -->
</testsuite> <!-- Reeee -->
